2025-07-31 13:34:15 0 [Note] Starting MariaDB 10.4.32-MariaDB source revision c4143f909528e3fab0677a28631d10389354c491 as process 57436
2025-07-31 13:34:15 0 [Note] InnoDB: Mutexes and rw_locks use Windows interlocked functions
2025-07-31 13:34:15 0 [Note] InnoDB: Uses event mutexes
2025-07-31 13:34:15 0 [Note] InnoDB: Compressed tables use zlib 1.3
2025-07-31 13:34:15 0 [Note] InnoDB: Number of pools: 1
2025-07-31 13:34:15 0 [Note] InnoDB: Using SSE2 crc32 instructions
2025-07-31 13:34:15 0 [Note] InnoDB: Initializing buffer pool, total size = 16M, instances = 1, chunk size = 16M
2025-07-31 13:34:15 0 [Note] InnoDB: Completed initialization of buffer pool
2025-07-31 13:34:15 0 [Note] InnoDB: Starting crash recovery from checkpoint LSN=300288
2025-07-31 13:34:15 0 [Note] InnoDB: 128 out of 128 rollback segments are active.
2025-07-31 13:34:15 0 [Note] InnoDB: Removed temporary tablespace data file: "ibtmp1"
2025-07-31 13:34:15 0 [Note] InnoDB: Creating shared tablespace for temporary tables
2025-07-31 13:34:15 0 [Note] InnoDB: Setting file 'C:\Users\coold\VSCODE\SEM 3\PHP\mysql\data\ibtmp1' size to 12 MB. Physically writing the file full; Please wait ...
2025-07-31 13:34:15 0 [Note] InnoDB: File 'C:\Users\coold\VSCODE\SEM 3\PHP\mysql\data\ibtmp1' size is now 12 MB.
2025-07-31 13:34:15 0 [Note] InnoDB: Waiting for purge to start
2025-07-31 13:34:15 0 [Note] InnoDB: 10.4.32 started; log sequence number 300297; transaction id 170
2025-07-31 13:34:15 0 [Note] InnoDB: Loading buffer pool(s) from C:\Users\coold\VSCODE\SEM 3\PHP\mysql\data\ib_buffer_pool
2025-07-31 13:34:15 0 [Note] Plugin 'FEEDBACK' is disabled.
2025-07-31 13:34:15 0 [Note] Server socket created on IP: '::'.
2025-07-31 13:34:15 0 [ERROR] Can't start server: Bind on TCP/IP port. Got error: 10048: Only one usage of each socket address (protocol/network address/port) is normally permitted.

2025-07-31 13:34:15 0 [Note] InnoDB: Buffer pool(s) load completed at 250731 13:34:15
2025-07-31 13:34:15 0 [ERROR] Do you already have another mysqld server running on port: 3306 ?
2025-07-31 13:34:15 0 [ERROR] Aborting
2025-08-04 10:41:04 0 [Note] Starting MariaDB 10.4.32-MariaDB source revision c4143f909528e3fab0677a28631d10389354c491 as process 5576
2025-08-04 10:41:04 0 [Note] InnoDB: Mutexes and rw_locks use Windows interlocked functions
2025-08-04 10:41:04 0 [Note] InnoDB: Uses event mutexes
2025-08-04 10:41:04 0 [Note] InnoDB: Compressed tables use zlib 1.3
2025-08-04 10:41:04 0 [Note] InnoDB: Number of pools: 1
2025-08-04 10:41:04 0 [Note] InnoDB: Using SSE2 crc32 instructions
2025-08-04 10:41:04 0 [Note] InnoDB: Initializing buffer pool, total size = 16M, instances = 1, chunk size = 16M
2025-08-04 10:41:04 0 [Note] InnoDB: Completed initialization of buffer pool
2025-08-04 10:41:04 0 [Note] InnoDB: 128 out of 128 rollback segments are active.
2025-08-04 10:41:04 0 [Note] InnoDB: Creating shared tablespace for temporary tables
2025-08-04 10:41:04 0 [Note] InnoDB: Setting file 'C:\Users\coold\VSCODE\SEM 3\PHP\mysql\data\ibtmp1' size to 12 MB. Physically writing the file full; Please wait ...
2025-08-04 10:41:04 0 [Note] InnoDB: File 'C:\Users\coold\VSCODE\SEM 3\PHP\mysql\data\ibtmp1' size is now 12 MB.
2025-08-04 10:41:04 0 [Note] InnoDB: Waiting for purge to start
2025-08-04 10:41:04 0 [Note] InnoDB: 10.4.32 started; log sequence number 300306; transaction id 170
2025-08-04 10:41:04 0 [Note] InnoDB: Loading buffer pool(s) from C:\Users\coold\VSCODE\SEM 3\PHP\mysql\data\ib_buffer_pool
2025-08-04 10:41:04 0 [Note] Plugin 'FEEDBACK' is disabled.
2025-08-04 10:41:04 0 [Note] InnoDB: Buffer pool(s) load completed at 250804 10:41:04
2025-08-04 10:41:04 0 [Note] Server socket created on IP: '::'.
2025-08-04 10:41:04 0 [Note] Reading of all Master_info entries succeeded
2025-08-04 10:41:04 0 [Note] Added new Master_info '' to hash table
2025-08-04 10:41:04 0 [Note] C:\Users\coold\vscode\sem 3\php\mysql\bin\mysqld.exe: ready for connections.
Version: '10.4.32-MariaDB'  socket: ''  port: 3306  mariadb.org binary distribution
2025-08-04 10:41:46 0 [Note] C:\Users\coold\vscode\sem 3\php\mysql\bin\mysqld.exe (initiated by: unknown): Normal shutdown
2025-08-04 10:41:46 0 [Note] Event Scheduler: Purging the queue. 0 events
2025-08-04 10:41:46 0 [Note] InnoDB: FTS optimize thread exiting.
2025-08-04 10:41:46 0 [Note] InnoDB: Starting shutdown...
2025-08-04 10:41:46 0 [Note] InnoDB: Dumping buffer pool(s) to C:\Users\coold\VSCODE\SEM 3\PHP\mysql\data\ib_buffer_pool
2025-08-04 10:41:46 0 [Note] InnoDB: Instance 0, restricted to 250 pages due to innodb_buf_pool_dump_pct=25
2025-08-04 10:41:46 0 [Note] InnoDB: Buffer pool(s) dump completed at 250804 10:41:46
2025-08-04 10:41:46 0 [Note] InnoDB: Removed temporary tablespace data file: "ibtmp1"
2025-08-04 10:41:46 0 [Note] InnoDB: Shutdown completed; log sequence number 300315; transaction id 171
2025-08-04 10:41:46 0 [Note] C:\Users\coold\vscode\sem 3\php\mysql\bin\mysqld.exe: Shutdown complete

2025-08-04 10:42:09 0 [Note] Starting MariaDB 10.4.32-MariaDB source revision c4143f909528e3fab0677a28631d10389354c491 as process 5428
2025-08-04 10:42:09 0 [Note] InnoDB: Mutexes and rw_locks use Windows interlocked functions
2025-08-04 10:42:09 0 [Note] InnoDB: Uses event mutexes
2025-08-04 10:42:09 0 [Note] InnoDB: Compressed tables use zlib 1.3
2025-08-04 10:42:09 0 [Note] InnoDB: Number of pools: 1
2025-08-04 10:42:09 0 [Note] InnoDB: Using SSE2 crc32 instructions
2025-08-04 10:42:09 0 [Note] InnoDB: Initializing buffer pool, total size = 16M, instances = 1, chunk size = 16M
2025-08-04 10:42:09 0 [Note] InnoDB: Completed initialization of buffer pool
2025-08-04 10:42:10 0 [Note] InnoDB: 128 out of 128 rollback segments are active.
2025-08-04 10:42:10 0 [Note] InnoDB: Creating shared tablespace for temporary tables
2025-08-04 10:42:10 0 [Note] InnoDB: Setting file 'C:\Users\coold\VSCODE\SEM 3\PHP\mysql\data\ibtmp1' size to 12 MB. Physically writing the file full; Please wait ...
2025-08-04 10:42:10 0 [Note] InnoDB: File 'C:\Users\coold\VSCODE\SEM 3\PHP\mysql\data\ibtmp1' size is now 12 MB.
2025-08-04 10:42:10 0 [Note] InnoDB: Waiting for purge to start
2025-08-04 10:42:10 0 [Note] InnoDB: 10.4.32 started; log sequence number 300315; transaction id 170
2025-08-04 10:42:10 0 [Note] Plugin 'FEEDBACK' is disabled.
2025-08-04 10:42:10 0 [Note] InnoDB: Loading buffer pool(s) from C:\Users\coold\VSCODE\SEM 3\PHP\mysql\data\ib_buffer_pool
2025-08-04 10:42:10 0 [Note] InnoDB: Buffer pool(s) load completed at 250804 10:42:10
2025-08-04 10:42:10 0 [Note] Server socket created on IP: '::'.
2025-08-04 10:42:10 0 [Note] Reading of all Master_info entries succeeded
2025-08-04 10:42:10 0 [Note] Added new Master_info '' to hash table
2025-08-04 10:42:10 0 [Note] C:\Users\coold\vscode\sem 3\php\mysql\bin\mysqld.exe: ready for connections.
Version: '10.4.32-MariaDB'  socket: ''  port: 3306  mariadb.org binary distribution
2025-08-04 12:20:30 0 [Note] C:\Users\coold\vscode\sem 3\php\mysql\bin\mysqld.exe (initiated by: unknown): Normal shutdown
2025-08-04 12:20:30 0 [Note] Event Scheduler: Purging the queue. 0 events
2025-08-04 12:20:30 0 [Note] InnoDB: FTS optimize thread exiting.
2025-08-04 12:20:30 0 [Note] InnoDB: Starting shutdown...
2025-08-04 12:20:30 0 [Note] InnoDB: Dumping buffer pool(s) to C:\Users\coold\VSCODE\SEM 3\PHP\mysql\data\ib_buffer_pool
2025-08-04 12:20:30 0 [Note] InnoDB: Instance 0, restricted to 250 pages due to innodb_buf_pool_dump_pct=25
2025-08-04 12:20:30 0 [Note] InnoDB: Buffer pool(s) dump completed at 250804 12:20:30
2025-08-04 12:20:31 0 [Note] InnoDB: Removed temporary tablespace data file: "ibtmp1"
2025-08-04 12:20:31 0 [Note] InnoDB: Shutdown completed; log sequence number 300324; transaction id 171
2025-08-04 12:20:31 0 [Note] C:\Users\coold\vscode\sem 3\php\mysql\bin\mysqld.exe: Shutdown complete

2025-08-04 12:20:35 0 [Note] Starting MariaDB 10.4.32-MariaDB source revision c4143f909528e3fab0677a28631d10389354c491 as process 13268
2025-08-04 12:20:35 0 [Note] InnoDB: Mutexes and rw_locks use Windows interlocked functions
2025-08-04 12:20:35 0 [Note] InnoDB: Uses event mutexes
2025-08-04 12:20:35 0 [Note] InnoDB: Compressed tables use zlib 1.3
2025-08-04 12:20:35 0 [Note] InnoDB: Number of pools: 1
2025-08-04 12:20:35 0 [Note] InnoDB: Using SSE2 crc32 instructions
2025-08-04 12:20:35 0 [Note] InnoDB: Initializing buffer pool, total size = 16M, instances = 1, chunk size = 16M
2025-08-04 12:20:35 0 [Note] InnoDB: Completed initialization of buffer pool
2025-08-04 12:20:35 0 [Note] InnoDB: 128 out of 128 rollback segments are active.
2025-08-04 12:20:35 0 [Note] InnoDB: Creating shared tablespace for temporary tables
2025-08-04 12:20:35 0 [Note] InnoDB: Setting file 'C:\Users\coold\VSCODE\SEM 3\PHP\mysql\data\ibtmp1' size to 12 MB. Physically writing the file full; Please wait ...
2025-08-04 12:20:35 0 [Note] InnoDB: File 'C:\Users\coold\VSCODE\SEM 3\PHP\mysql\data\ibtmp1' size is now 12 MB.
2025-08-04 12:20:35 0 [Note] InnoDB: Waiting for purge to start
2025-08-04 12:20:35 0 [Note] InnoDB: 10.4.32 started; log sequence number 300324; transaction id 170
2025-08-04 12:20:35 0 [Note] InnoDB: Loading buffer pool(s) from C:\Users\coold\VSCODE\SEM 3\PHP\mysql\data\ib_buffer_pool
2025-08-04 12:20:35 0 [Note] Plugin 'FEEDBACK' is disabled.
2025-08-04 12:20:35 0 [Note] Server socket created on IP: '::'.
2025-08-04 12:20:35 0 [Note] InnoDB: Buffer pool(s) load completed at 250804 12:20:35
2025-08-04 12:20:35 0 [Note] Reading of all Master_info entries succeeded
2025-08-04 12:20:35 0 [Note] Added new Master_info '' to hash table
2025-08-04 12:20:35 0 [Note] C:\Users\coold\vscode\sem 3\php\mysql\bin\mysqld.exe: ready for connections.
Version: '10.4.32-MariaDB'  socket: ''  port: 3306  mariadb.org binary distribution
2025-08-04 20:19:16 0 [Note] C:\Users\coold\vscode\sem 3\php\mysql\bin\mysqld.exe (initiated by: unknown): Normal shutdown
2025-08-04 20:19:16 0 [Note] InnoDB: FTS optimize thread exiting.
2025-08-04 20:19:16 0 [Note] Event Scheduler: Purging the queue. 0 events
2025-08-04 20:19:16 0 [Note] InnoDB: Starting shutdown...
2025-08-04 20:19:16 0 [Note] InnoDB: Dumping buffer pool(s) to C:\Users\coold\VSCODE\SEM 3\PHP\mysql\data\ib_buffer_pool
2025-08-04 20:19:16 0 [Note] InnoDB: Instance 0, restricted to 250 pages due to innodb_buf_pool_dump_pct=25
2025-08-04 20:19:16 0 [Note] InnoDB: Buffer pool(s) dump completed at 250804 20:19:16
2025-08-04 20:19:17 0 [Note] InnoDB: Removed temporary tablespace data file: "ibtmp1"
2025-08-04 20:19:17 0 [Note] InnoDB: Shutdown completed; log sequence number 300333; transaction id 171
2025-08-04 20:19:17 0 [Note] C:\Users\coold\vscode\sem 3\php\mysql\bin\mysqld.exe: Shutdown complete

2025-08-04 20:19:46 0 [Note] Starting MariaDB 10.4.32-MariaDB source revision c4143f909528e3fab0677a28631d10389354c491 as process 5784
2025-08-04 20:19:46 0 [Note] InnoDB: Mutexes and rw_locks use Windows interlocked functions
2025-08-04 20:19:46 0 [Note] InnoDB: Uses event mutexes
2025-08-04 20:19:46 0 [Note] InnoDB: Compressed tables use zlib 1.3
2025-08-04 20:19:46 0 [Note] InnoDB: Number of pools: 1
2025-08-04 20:19:46 0 [Note] InnoDB: Using SSE2 crc32 instructions
2025-08-04 20:19:46 0 [Note] InnoDB: Initializing buffer pool, total size = 16M, instances = 1, chunk size = 16M
2025-08-04 20:19:46 0 [Note] InnoDB: Completed initialization of buffer pool
2025-08-04 20:19:46 0 [Note] InnoDB: 128 out of 128 rollback segments are active.
2025-08-04 20:19:46 0 [Note] InnoDB: Creating shared tablespace for temporary tables
2025-08-04 20:19:46 0 [Note] InnoDB: Setting file 'C:\Users\coold\VSCODE\SEM 3\PHP\mysql\data\ibtmp1' size to 12 MB. Physically writing the file full; Please wait ...
2025-08-04 20:19:46 0 [Note] InnoDB: File 'C:\Users\coold\VSCODE\SEM 3\PHP\mysql\data\ibtmp1' size is now 12 MB.
2025-08-04 20:19:46 0 [Note] InnoDB: Waiting for purge to start
2025-08-04 20:19:46 0 [Note] InnoDB: 10.4.32 started; log sequence number 300333; transaction id 170
2025-08-04 20:19:46 0 [Note] Plugin 'FEEDBACK' is disabled.
2025-08-04 20:19:46 0 [Note] InnoDB: Loading buffer pool(s) from C:\Users\coold\VSCODE\SEM 3\PHP\mysql\data\ib_buffer_pool
2025-08-04 20:19:46 0 [Note] InnoDB: Buffer pool(s) load completed at 250804 20:19:46
2025-08-04 20:19:46 0 [Note] Server socket created on IP: '::'.
2025-08-04 20:19:46 0 [Note] Reading of all Master_info entries succeeded
2025-08-04 20:19:46 0 [Note] Added new Master_info '' to hash table
2025-08-04 20:19:46 0 [Note] C:\Users\coold\vscode\sem 3\php\mysql\bin\mysqld.exe: ready for connections.
Version: '10.4.32-MariaDB'  socket: ''  port: 3306  mariadb.org binary distribution
2025-08-10 14:17:52 0 [Note] Starting MariaDB 10.4.32-MariaDB source revision c4143f909528e3fab0677a28631d10389354c491 as process 5652
2025-08-10 14:17:52 0 [Note] InnoDB: Mutexes and rw_locks use Windows interlocked functions
2025-08-10 14:17:52 0 [Note] InnoDB: Uses event mutexes
2025-08-10 14:17:52 0 [Note] InnoDB: Compressed tables use zlib 1.3
2025-08-10 14:17:52 0 [Note] InnoDB: Number of pools: 1
2025-08-10 14:17:52 0 [Note] InnoDB: Using SSE2 crc32 instructions
2025-08-10 14:17:52 0 [Note] InnoDB: Initializing buffer pool, total size = 16M, instances = 1, chunk size = 16M
2025-08-10 14:17:52 0 [Note] InnoDB: Completed initialization of buffer pool
2025-08-10 14:17:52 0 [Note] InnoDB: Starting crash recovery from checkpoint LSN=300333
2025-08-10 14:17:53 0 [Note] InnoDB: 128 out of 128 rollback segments are active.
2025-08-10 14:17:53 0 [Note] InnoDB: Removed temporary tablespace data file: "ibtmp1"
2025-08-10 14:17:53 0 [Note] InnoDB: Creating shared tablespace for temporary tables
2025-08-10 14:17:53 0 [Note] InnoDB: Setting file 'C:\Users\coold\VSCODE\SEM 3\PHP\mysql\data\ibtmp1' size to 12 MB. Physically writing the file full; Please wait ...
2025-08-10 14:17:53 0 [Note] InnoDB: File 'C:\Users\coold\VSCODE\SEM 3\PHP\mysql\data\ibtmp1' size is now 12 MB.
2025-08-10 14:17:53 0 [Note] InnoDB: Waiting for purge to start
2025-08-10 14:17:53 0 [Note] InnoDB: 10.4.32 started; log sequence number 300342; transaction id 170
2025-08-10 14:17:53 0 [Note] InnoDB: Loading buffer pool(s) from C:\Users\coold\VSCODE\SEM 3\PHP\mysql\data\ib_buffer_pool
2025-08-10 14:17:53 0 [Note] Plugin 'FEEDBACK' is disabled.
2025-08-10 14:17:53 0 [Note] InnoDB: Buffer pool(s) load completed at 250810 14:17:53
2025-08-10 14:17:53 0 [Note] Server socket created on IP: '::'.
2025-08-10 14:17:53 0 [Note] Reading of all Master_info entries succeeded
2025-08-10 14:17:53 0 [Note] Added new Master_info '' to hash table
2025-08-10 14:17:53 0 [Note] C:\Users\coold\vscode\sem 3\php\mysql\bin\mysqld.exe: ready for connections.
Version: '10.4.32-MariaDB'  socket: ''  port: 3306  mariadb.org binary distribution
2025-08-12 12:12:48 0 [Note] C:\Users\coold\vscode\sem 3\php\mysql\bin\mysqld.exe (initiated by: unknown): Normal shutdown
2025-08-12 12:12:48 0 [Note] Event Scheduler: Purging the queue. 0 events
2025-08-12 12:12:48 0 [Note] InnoDB: FTS optimize thread exiting.
2025-08-12 12:12:49 0 [Note] InnoDB: Starting shutdown...
2025-08-12 12:12:49 0 [Note] InnoDB: Dumping buffer pool(s) to C:\Users\coold\VSCODE\SEM 3\PHP\mysql\data\ib_buffer_pool
2025-08-12 12:12:49 0 [Note] InnoDB: Instance 0, restricted to 250 pages due to innodb_buf_pool_dump_pct=25
2025-08-12 12:12:49 0 [Note] InnoDB: Buffer pool(s) dump completed at 250812 12:12:49
2025-08-12 12:12:50 0 [Note] InnoDB: Removed temporary tablespace data file: "ibtmp1"
2025-08-12 12:12:50 0 [Note] InnoDB: Shutdown completed; log sequence number 300360; transaction id 171
2025-08-12 12:12:50 0 [Note] C:\Users\coold\vscode\sem 3\php\mysql\bin\mysqld.exe: Shutdown complete

2025-08-12 12:13:15 0 [Note] Starting MariaDB 10.4.32-MariaDB source revision c4143f909528e3fab0677a28631d10389354c491 as process 5748
2025-08-12 12:13:15 0 [Note] InnoDB: Mutexes and rw_locks use Windows interlocked functions
2025-08-12 12:13:15 0 [Note] InnoDB: Uses event mutexes
2025-08-12 12:13:15 0 [Note] InnoDB: Compressed tables use zlib 1.3
2025-08-12 12:13:15 0 [Note] InnoDB: Number of pools: 1
2025-08-12 12:13:15 0 [Note] InnoDB: Using SSE2 crc32 instructions
2025-08-12 12:13:15 0 [Note] InnoDB: Initializing buffer pool, total size = 16M, instances = 1, chunk size = 16M
2025-08-12 12:13:15 0 [Note] InnoDB: Completed initialization of buffer pool
2025-08-12 12:13:15 0 [Note] InnoDB: 128 out of 128 rollback segments are active.
2025-08-12 12:13:15 0 [Note] InnoDB: Creating shared tablespace for temporary tables
2025-08-12 12:13:15 0 [Note] InnoDB: Setting file 'C:\Users\coold\VSCODE\SEM 3\PHP\mysql\data\ibtmp1' size to 12 MB. Physically writing the file full; Please wait ...
2025-08-12 12:13:15 0 [Note] InnoDB: File 'C:\Users\coold\VSCODE\SEM 3\PHP\mysql\data\ibtmp1' size is now 12 MB.
2025-08-12 12:13:15 0 [Note] InnoDB: Waiting for purge to start
2025-08-12 12:13:15 0 [Note] InnoDB: 10.4.32 started; log sequence number 300360; transaction id 170
2025-08-12 12:13:15 0 [Note] InnoDB: Loading buffer pool(s) from C:\Users\coold\VSCODE\SEM 3\PHP\mysql\data\ib_buffer_pool
2025-08-12 12:13:15 0 [Note] Plugin 'FEEDBACK' is disabled.
2025-08-12 12:13:15 0 [Note] InnoDB: Buffer pool(s) load completed at 250812 12:13:15
2025-08-12 12:13:15 0 [Note] Server socket created on IP: '::'.
2025-08-12 12:13:15 0 [Note] Reading of all Master_info entries succeeded
2025-08-12 12:13:15 0 [Note] Added new Master_info '' to hash table
2025-08-12 12:13:15 0 [Note] C:\Users\coold\vscode\sem 3\php\mysql\bin\mysqld.exe: ready for connections.
Version: '10.4.32-MariaDB'  socket: ''  port: 3306  mariadb.org binary distribution
