[Thu Jul 31 13:34:13.806485 2025] [ssl:warn] [pid 38200:tid 428] AH01909: www.example.com:443:0 server certificate does NOT include an ID which matches the server name
[Thu Jul 31 13:34:13.859007 2025] [ssl:warn] [pid 38200:tid 428] AH01909: www.example.com:443:0 server certificate does NOT include an ID which matches the server name
[Thu Jul 31 13:34:13.918118 2025] [mpm_winnt:notice] [pid 38200:tid 428] AH00455: Apache/2.4.58 (Win64) OpenSSL/3.1.3 PHP/8.2.12 configured -- resuming normal operations
[Thu Jul 31 13:34:13.918118 2025] [mpm_winnt:notice] [pid 38200:tid 428] AH00456: Apache Lounge VS17 Server built: Oct 18 2023 13:03:18
[Thu Jul 31 13:34:13.918118 2025] [core:notice] [pid 38200:tid 428] AH00094: Command line: 'C:\\Users\\coold\\vscode\\sem 3\\php\\apache\\bin\\httpd.exe -d C:/Users/coold/VSCODE/SEM 3/PHP/apache'
[Thu Jul 31 13:34:13.925540 2025] [mpm_winnt:notice] [pid 38200:tid 428] AH00418: Parent: Created child process 57452
[Thu Jul 31 13:34:14.324696 2025] [ssl:warn] [pid 57452:tid 484] AH01909: www.example.com:443:0 server certificate does NOT include an ID which matches the server name
[Thu Jul 31 13:34:14.359609 2025] [ssl:warn] [pid 57452:tid 484] AH01909: www.example.com:443:0 server certificate does NOT include an ID which matches the server name
[Thu Jul 31 13:34:14.393581 2025] [mpm_winnt:notice] [pid 57452:tid 484] AH00354: Child: Starting 150 worker threads.
[Mon Aug 04 10:13:58.769364 2025] [php:warn] [pid 57452:tid 1948] [client 10.35.162.4:55327] PHP Warning:  Undefined array key "HTTP_HOST" in C:\\Users\\coold\\VSCODE\\SEM 3\\PHP\\htdocs\\index.php on line 7
[Mon Aug 04 10:40:35.483464 2025] [mpm_winnt:notice] [pid 38200:tid 428] AH00422: Parent: Received shutdown signal -- Shutting down the server.
[Mon Aug 04 10:40:37.509547 2025] [mpm_winnt:notice] [pid 57452:tid 484] AH00364: Child: All worker threads have exited.
[Mon Aug 04 10:40:37.588452 2025] [mpm_winnt:notice] [pid 38200:tid 428] AH00430: Parent: Child process 57452 exited successfully.
[Mon Aug 04 10:41:04.727393 2025] [ssl:warn] [pid 5420:tid 436] AH01909: www.example.com:443:0 server certificate does NOT include an ID which matches the server name
[Mon Aug 04 10:41:04.762302 2025] [ssl:warn] [pid 5420:tid 436] AH01909: www.example.com:443:0 server certificate does NOT include an ID which matches the server name
[Mon Aug 04 10:41:04.953712 2025] [mpm_winnt:notice] [pid 5420:tid 436] AH00455: Apache/2.4.58 (Win64) OpenSSL/3.1.3 PHP/8.2.12 configured -- resuming normal operations
[Mon Aug 04 10:41:04.953712 2025] [mpm_winnt:notice] [pid 5420:tid 436] AH00456: Apache Lounge VS17 Server built: Oct 18 2023 13:03:18
[Mon Aug 04 10:41:04.953712 2025] [core:notice] [pid 5420:tid 436] AH00094: Command line: 'C:\\Users\\coold\\vscode\\sem 3\\php\\apache\\bin\\httpd.exe -d C:/Users/coold/VSCODE/SEM 3/PHP/apache'
[Mon Aug 04 10:41:04.953712 2025] [mpm_winnt:notice] [pid 5420:tid 436] AH00418: Parent: Created child process 6668
[Mon Aug 04 10:41:05.266092 2025] [ssl:warn] [pid 6668:tid 488] AH01909: www.example.com:443:0 server certificate does NOT include an ID which matches the server name
[Mon Aug 04 10:41:05.298131 2025] [ssl:warn] [pid 6668:tid 488] AH01909: www.example.com:443:0 server certificate does NOT include an ID which matches the server name
[Mon Aug 04 10:41:05.329723 2025] [mpm_winnt:notice] [pid 6668:tid 488] AH00354: Child: Starting 150 worker threads.
[Mon Aug 04 10:41:46.172773 2025] [mpm_winnt:notice] [pid 5420:tid 436] AH00422: Parent: Received shutdown signal -- Shutting down the server.
[Mon Aug 04 10:41:48.197838 2025] [mpm_winnt:notice] [pid 6668:tid 488] AH00364: Child: All worker threads have exited.
[Mon Aug 04 10:41:48.229682 2025] [mpm_winnt:notice] [pid 5420:tid 436] AH00430: Parent: Child process 6668 exited successfully.
[Mon Aug 04 10:42:10.525864 2025] [ssl:warn] [pid 5336:tid 424] AH01909: www.example.com:443:0 server certificate does NOT include an ID which matches the server name
[Mon Aug 04 10:42:10.568144 2025] [ssl:warn] [pid 5336:tid 424] AH01909: www.example.com:443:0 server certificate does NOT include an ID which matches the server name
[Mon Aug 04 10:42:10.666545 2025] [mpm_winnt:notice] [pid 5336:tid 424] AH00455: Apache/2.4.58 (Win64) OpenSSL/3.1.3 PHP/8.2.12 configured -- resuming normal operations
[Mon Aug 04 10:42:10.666545 2025] [mpm_winnt:notice] [pid 5336:tid 424] AH00456: Apache Lounge VS17 Server built: Oct 18 2023 13:03:18
[Mon Aug 04 10:42:10.666545 2025] [core:notice] [pid 5336:tid 424] AH00094: Command line: 'C:\\Users\\coold\\vscode\\sem 3\\php\\apache\\bin\\httpd.exe -d C:/Users/coold/VSCODE/SEM 3/PHP/apache'
[Mon Aug 04 10:42:10.668289 2025] [mpm_winnt:notice] [pid 5336:tid 424] AH00418: Parent: Created child process 7212
[Mon Aug 04 10:42:11.120356 2025] [ssl:warn] [pid 7212:tid 440] AH01909: www.example.com:443:0 server certificate does NOT include an ID which matches the server name
[Mon Aug 04 10:42:11.151236 2025] [ssl:warn] [pid 7212:tid 440] AH01909: www.example.com:443:0 server certificate does NOT include an ID which matches the server name
[Mon Aug 04 10:42:11.198033 2025] [mpm_winnt:notice] [pid 7212:tid 440] AH00354: Child: Starting 150 worker threads.
[Mon Aug 04 12:20:29.733235 2025] [mpm_winnt:notice] [pid 5336:tid 424] AH00422: Parent: Received shutdown signal -- Shutting down the server.
[Mon Aug 04 12:20:31.755986 2025] [mpm_winnt:notice] [pid 7212:tid 440] AH00364: Child: All worker threads have exited.
[Mon Aug 04 12:20:31.784642 2025] [mpm_winnt:notice] [pid 5336:tid 424] AH00430: Parent: Child process 7212 exited successfully.
[Mon Aug 04 12:20:34.066641 2025] [ssl:warn] [pid 15560:tid 472] AH01909: www.example.com:443:0 server certificate does NOT include an ID which matches the server name
[Mon Aug 04 12:20:34.110395 2025] [ssl:warn] [pid 15560:tid 472] AH01909: www.example.com:443:0 server certificate does NOT include an ID which matches the server name
[Mon Aug 04 12:20:34.140815 2025] [mpm_winnt:notice] [pid 15560:tid 472] AH00455: Apache/2.4.58 (Win64) OpenSSL/3.1.3 PHP/8.2.12 configured -- resuming normal operations
[Mon Aug 04 12:20:34.140815 2025] [mpm_winnt:notice] [pid 15560:tid 472] AH00456: Apache Lounge VS17 Server built: Oct 18 2023 13:03:18
[Mon Aug 04 12:20:34.140815 2025] [core:notice] [pid 15560:tid 472] AH00094: Command line: 'C:\\Users\\coold\\vscode\\sem 3\\php\\apache\\bin\\httpd.exe -d C:/Users/coold/VSCODE/SEM 3/PHP/apache'
[Mon Aug 04 12:20:34.145016 2025] [mpm_winnt:notice] [pid 15560:tid 472] AH00418: Parent: Created child process 4216
[Mon Aug 04 12:20:34.430965 2025] [ssl:warn] [pid 4216:tid 484] AH01909: www.example.com:443:0 server certificate does NOT include an ID which matches the server name
[Mon Aug 04 12:20:34.461516 2025] [ssl:warn] [pid 4216:tid 484] AH01909: www.example.com:443:0 server certificate does NOT include an ID which matches the server name
[Mon Aug 04 12:20:34.492720 2025] [mpm_winnt:notice] [pid 4216:tid 484] AH00354: Child: Starting 150 worker threads.
[Mon Aug 04 20:19:16.367446 2025] [mpm_winnt:notice] [pid 15560:tid 472] AH00422: Parent: Received shutdown signal -- Shutting down the server.
[Mon Aug 04 20:19:18.409685 2025] [mpm_winnt:notice] [pid 4216:tid 484] AH00364: Child: All worker threads have exited.
[Mon Aug 04 20:19:18.584519 2025] [mpm_winnt:notice] [pid 15560:tid 472] AH00430: Parent: Child process 4216 exited successfully.
[Mon Aug 04 20:19:47.016285 2025] [ssl:warn] [pid 5484:tid 428] AH01909: www.example.com:443:0 server certificate does NOT include an ID which matches the server name
[Mon Aug 04 20:19:47.036780 2025] [ssl:warn] [pid 5484:tid 428] AH01909: www.example.com:443:0 server certificate does NOT include an ID which matches the server name
[Mon Aug 04 20:19:47.145609 2025] [mpm_winnt:notice] [pid 5484:tid 428] AH00455: Apache/2.4.58 (Win64) OpenSSL/3.1.3 PHP/8.2.12 configured -- resuming normal operations
[Mon Aug 04 20:19:47.145609 2025] [mpm_winnt:notice] [pid 5484:tid 428] AH00456: Apache Lounge VS17 Server built: Oct 18 2023 13:03:18
[Mon Aug 04 20:19:47.145609 2025] [core:notice] [pid 5484:tid 428] AH00094: Command line: 'C:\\Users\\coold\\vscode\\sem 3\\php\\apache\\bin\\httpd.exe -d C:/Users/coold/VSCODE/SEM 3/PHP/apache'
[Mon Aug 04 20:19:47.145609 2025] [mpm_winnt:notice] [pid 5484:tid 428] AH00418: Parent: Created child process 5480
[Mon Aug 04 20:19:47.461646 2025] [ssl:warn] [pid 5480:tid 440] AH01909: www.example.com:443:0 server certificate does NOT include an ID which matches the server name
[Mon Aug 04 20:19:47.490711 2025] [ssl:warn] [pid 5480:tid 440] AH01909: www.example.com:443:0 server certificate does NOT include an ID which matches the server name
[Mon Aug 04 20:19:47.531279 2025] [mpm_winnt:notice] [pid 5480:tid 440] AH00354: Child: Starting 150 worker threads.
[Sun Aug 10 14:17:53.330884 2025] [ssl:warn] [pid 5332:tid 420] AH01909: www.example.com:443:0 server certificate does NOT include an ID which matches the server name
[Sun Aug 10 14:17:53.362275 2025] [core:warn] [pid 5332:tid 420] AH00098: pid file C:/Users/coold/VSCODE/SEM 3/PHP/apache/logs/httpd.pid overwritten -- Unclean shutdown of previous Apache run?
[Sun Aug 10 14:17:53.371003 2025] [ssl:warn] [pid 5332:tid 420] AH01909: www.example.com:443:0 server certificate does NOT include an ID which matches the server name
[Sun Aug 10 14:17:53.494259 2025] [mpm_winnt:notice] [pid 5332:tid 420] AH00455: Apache/2.4.58 (Win64) OpenSSL/3.1.3 PHP/8.2.12 configured -- resuming normal operations
[Sun Aug 10 14:17:53.494259 2025] [mpm_winnt:notice] [pid 5332:tid 420] AH00456: Apache Lounge VS17 Server built: Oct 18 2023 13:03:18
[Sun Aug 10 14:17:53.494259 2025] [core:notice] [pid 5332:tid 420] AH00094: Command line: 'C:\\Users\\coold\\vscode\\sem 3\\php\\apache\\bin\\httpd.exe -d C:/Users/coold/VSCODE/SEM 3/PHP/apache'
[Sun Aug 10 14:17:53.494259 2025] [mpm_winnt:notice] [pid 5332:tid 420] AH00418: Parent: Created child process 8372
[Sun Aug 10 14:17:53.947163 2025] [ssl:warn] [pid 8372:tid 492] AH01909: www.example.com:443:0 server certificate does NOT include an ID which matches the server name
[Sun Aug 10 14:17:53.976226 2025] [ssl:warn] [pid 8372:tid 492] AH01909: www.example.com:443:0 server certificate does NOT include an ID which matches the server name
[Sun Aug 10 14:17:54.019791 2025] [mpm_winnt:notice] [pid 8372:tid 492] AH00354: Child: Starting 150 worker threads.
[Tue Aug 12 12:12:48.876457 2025] [mpm_winnt:notice] [pid 5332:tid 420] AH00422: Parent: Received shutdown signal -- Shutting down the server.
[Tue Aug 12 12:12:50.907056 2025] [mpm_winnt:notice] [pid 8372:tid 492] AH00364: Child: All worker threads have exited.
[Tue Aug 12 12:12:50.986258 2025] [mpm_winnt:notice] [pid 5332:tid 420] AH00430: Parent: Child process 8372 exited successfully.
[Tue Aug 12 12:13:15.802742 2025] [ssl:warn] [pid 5560:tid 424] AH01909: www.example.com:443:0 server certificate does NOT include an ID which matches the server name
[Tue Aug 12 12:13:15.838621 2025] [ssl:warn] [pid 5560:tid 424] AH01909: www.example.com:443:0 server certificate does NOT include an ID which matches the server name
[Tue Aug 12 12:13:15.946011 2025] [mpm_winnt:notice] [pid 5560:tid 424] AH00455: Apache/2.4.58 (Win64) OpenSSL/3.1.3 PHP/8.2.12 configured -- resuming normal operations
[Tue Aug 12 12:13:15.946011 2025] [mpm_winnt:notice] [pid 5560:tid 424] AH00456: Apache Lounge VS17 Server built: Oct 18 2023 13:03:18
[Tue Aug 12 12:13:15.946011 2025] [core:notice] [pid 5560:tid 424] AH00094: Command line: 'C:\\Users\\coold\\vscode\\sem 3\\php\\apache\\bin\\httpd.exe -d C:/Users/coold/VSCODE/SEM 3/PHP/apache'
[Tue Aug 12 12:13:15.946011 2025] [mpm_winnt:notice] [pid 5560:tid 424] AH00418: Parent: Created child process 8500
[Tue Aug 12 12:13:16.247399 2025] [ssl:warn] [pid 8500:tid 480] AH01909: www.example.com:443:0 server certificate does NOT include an ID which matches the server name
[Tue Aug 12 12:13:16.278820 2025] [ssl:warn] [pid 8500:tid 480] AH01909: www.example.com:443:0 server certificate does NOT include an ID which matches the server name
[Tue Aug 12 12:13:16.310602 2025] [mpm_winnt:notice] [pid 8500:tid 480] AH00354: Child: Starting 150 worker threads.
[Wed Aug 13 10:52:13.351675 2025] [mpm_winnt:notice] [pid 5560:tid 424] AH00422: Parent: Received shutdown signal -- Shutting down the server.
[Wed Aug 13 10:52:15.422150 2025] [mpm_winnt:notice] [pid 8500:tid 480] AH00364: Child: All worker threads have exited.
[Wed Aug 13 10:52:15.563212 2025] [mpm_winnt:notice] [pid 5560:tid 424] AH00430: Parent: Child process 8500 exited successfully.
[Wed Aug 13 10:52:42.500475 2025] [ssl:warn] [pid 5444:tid 424] AH01909: www.example.com:443:0 server certificate does NOT include an ID which matches the server name
[Wed Aug 13 10:52:42.543009 2025] [ssl:warn] [pid 5444:tid 424] AH01909: www.example.com:443:0 server certificate does NOT include an ID which matches the server name
[Wed Aug 13 10:52:42.655234 2025] [mpm_winnt:notice] [pid 5444:tid 424] AH00455: Apache/2.4.58 (Win64) OpenSSL/3.1.3 PHP/8.2.12 configured -- resuming normal operations
[Wed Aug 13 10:52:42.655234 2025] [mpm_winnt:notice] [pid 5444:tid 424] AH00456: Apache Lounge VS17 Server built: Oct 18 2023 13:03:18
[Wed Aug 13 10:52:42.655234 2025] [core:notice] [pid 5444:tid 424] AH00094: Command line: 'C:\\Users\\coold\\vscode\\sem 3\\php\\apache\\bin\\httpd.exe -d C:/Users/coold/VSCODE/SEM 3/PHP/apache'
[Wed Aug 13 10:52:42.655234 2025] [mpm_winnt:notice] [pid 5444:tid 424] AH00418: Parent: Created child process 8200
[Wed Aug 13 10:52:43.057441 2025] [ssl:warn] [pid 8200:tid 440] AH01909: www.example.com:443:0 server certificate does NOT include an ID which matches the server name
[Wed Aug 13 10:52:43.104924 2025] [ssl:warn] [pid 8200:tid 440] AH01909: www.example.com:443:0 server certificate does NOT include an ID which matches the server name
[Wed Aug 13 10:52:43.141028 2025] [mpm_winnt:notice] [pid 8200:tid 440] AH00354: Child: Starting 150 worker threads.
[Wed Aug 13 10:53:20.519873 2025] [mpm_winnt:notice] [pid 5444:tid 424] AH00422: Parent: Received shutdown signal -- Shutting down the server.
[Wed Aug 13 10:53:22.548056 2025] [mpm_winnt:notice] [pid 8200:tid 440] AH00364: Child: All worker threads have exited.
[Wed Aug 13 10:53:22.590948 2025] [mpm_winnt:notice] [pid 5444:tid 424] AH00430: Parent: Child process 8200 exited successfully.
[Wed Aug 13 10:53:46.305591 2025] [ssl:warn] [pid 5376:tid 424] AH01909: www.example.com:443:0 server certificate does NOT include an ID which matches the server name
[Wed Aug 13 10:53:46.352134 2025] [ssl:warn] [pid 5376:tid 424] AH01909: www.example.com:443:0 server certificate does NOT include an ID which matches the server name
[Wed Aug 13 10:53:46.463308 2025] [mpm_winnt:notice] [pid 5376:tid 424] AH00455: Apache/2.4.58 (Win64) OpenSSL/3.1.3 PHP/8.2.12 configured -- resuming normal operations
[Wed Aug 13 10:53:46.463308 2025] [mpm_winnt:notice] [pid 5376:tid 424] AH00456: Apache Lounge VS17 Server built: Oct 18 2023 13:03:18
[Wed Aug 13 10:53:46.463308 2025] [core:notice] [pid 5376:tid 424] AH00094: Command line: 'C:\\Users\\coold\\vscode\\sem 3\\php\\apache\\bin\\httpd.exe -d C:/Users/coold/VSCODE/SEM 3/PHP/apache'
[Wed Aug 13 10:53:46.463308 2025] [mpm_winnt:notice] [pid 5376:tid 424] AH00418: Parent: Created child process 8104
[Wed Aug 13 10:53:46.827551 2025] [ssl:warn] [pid 8104:tid 480] AH01909: www.example.com:443:0 server certificate does NOT include an ID which matches the server name
[Wed Aug 13 10:53:46.859398 2025] [ssl:warn] [pid 8104:tid 480] AH01909: www.example.com:443:0 server certificate does NOT include an ID which matches the server name
[Wed Aug 13 10:53:46.906807 2025] [mpm_winnt:notice] [pid 8104:tid 480] AH00354: Child: Starting 150 worker threads.
[Wed Aug 13 15:02:45.296285 2025] [ssl:warn] [pid 5348:tid 424] AH01909: www.example.com:443:0 server certificate does NOT include an ID which matches the server name
[Wed Aug 13 15:02:45.319173 2025] [core:warn] [pid 5348:tid 424] AH00098: pid file C:/Users/coold/VSCODE/SEM 3/PHP/apache/logs/httpd.pid overwritten -- Unclean shutdown of previous Apache run?
[Wed Aug 13 15:02:45.328224 2025] [ssl:warn] [pid 5348:tid 424] AH01909: www.example.com:443:0 server certificate does NOT include an ID which matches the server name
[Wed Aug 13 15:02:45.438212 2025] [mpm_winnt:notice] [pid 5348:tid 424] AH00455: Apache/2.4.58 (Win64) OpenSSL/3.1.3 PHP/8.2.12 configured -- resuming normal operations
[Wed Aug 13 15:02:45.438212 2025] [mpm_winnt:notice] [pid 5348:tid 424] AH00456: Apache Lounge VS17 Server built: Oct 18 2023 13:03:18
[Wed Aug 13 15:02:45.438212 2025] [core:notice] [pid 5348:tid 424] AH00094: Command line: 'C:\\Users\\coold\\vscode\\sem 3\\php\\apache\\bin\\httpd.exe -d C:/Users/coold/VSCODE/SEM 3/PHP/apache'
[Wed Aug 13 15:02:45.440220 2025] [mpm_winnt:notice] [pid 5348:tid 424] AH00418: Parent: Created child process 8564
[Wed Aug 13 15:02:45.739779 2025] [ssl:warn] [pid 8564:tid 452] AH01909: www.example.com:443:0 server certificate does NOT include an ID which matches the server name
[Wed Aug 13 15:02:45.771765 2025] [ssl:warn] [pid 8564:tid 452] AH01909: www.example.com:443:0 server certificate does NOT include an ID which matches the server name
[Wed Aug 13 15:02:45.803600 2025] [mpm_winnt:notice] [pid 8564:tid 452] AH00354: Child: Starting 150 worker threads.
[Wed Aug 13 22:16:05.581311 2025] [ssl:warn] [pid 5412:tid 440] AH01909: www.example.com:443:0 server certificate does NOT include an ID which matches the server name
[Wed Aug 13 22:16:05.618012 2025] [core:warn] [pid 5412:tid 440] AH00098: pid file C:/Users/coold/VSCODE/SEM 3/PHP/apache/logs/httpd.pid overwritten -- Unclean shutdown of previous Apache run?
[Wed Aug 13 22:16:05.618012 2025] [ssl:warn] [pid 5412:tid 440] AH01909: www.example.com:443:0 server certificate does NOT include an ID which matches the server name
[Wed Aug 13 22:16:05.730806 2025] [mpm_winnt:notice] [pid 5412:tid 440] AH00455: Apache/2.4.58 (Win64) OpenSSL/3.1.3 PHP/8.2.12 configured -- resuming normal operations
[Wed Aug 13 22:16:05.730806 2025] [mpm_winnt:notice] [pid 5412:tid 440] AH00456: Apache Lounge VS17 Server built: Oct 18 2023 13:03:18
[Wed Aug 13 22:16:05.730806 2025] [core:notice] [pid 5412:tid 440] AH00094: Command line: 'C:\\Users\\coold\\vscode\\sem 3\\php\\apache\\bin\\httpd.exe -d C:/Users/coold/VSCODE/SEM 3/PHP/apache'
[Wed Aug 13 22:16:05.736224 2025] [mpm_winnt:notice] [pid 5412:tid 440] AH00418: Parent: Created child process 8636
[Wed Aug 13 22:16:06.100749 2025] [ssl:warn] [pid 8636:tid 456] AH01909: www.example.com:443:0 server certificate does NOT include an ID which matches the server name
[Wed Aug 13 22:16:06.141269 2025] [ssl:warn] [pid 8636:tid 456] AH01909: www.example.com:443:0 server certificate does NOT include an ID which matches the server name
[Wed Aug 13 22:16:06.193719 2025] [mpm_winnt:notice] [pid 8636:tid 456] AH00354: Child: Starting 150 worker threads.
[Wed Aug 20 13:40:55.463798 2025] [php:warn] [pid 8636:tid 1988] [client ::1:49695] PHP Warning:  Undefined array key "num1" in C:\\Users\\coold\\VSCODE\\SEM 3\\PHP\\htdocs\\sumNumberPOST.php on line 2, referer: http://localhost/sumNumberPOST.html
[Wed Aug 20 13:40:55.463798 2025] [php:warn] [pid 8636:tid 1988] [client ::1:49695] PHP Warning:  Undefined array key "num2" in C:\\Users\\coold\\VSCODE\\SEM 3\\PHP\\htdocs\\sumNumberPOST.php on line 3, referer: http://localhost/sumNumberPOST.html
[Mon Aug 25 09:43:46.880899 2025] [php:warn] [pid 8636:tid 1988] [client 10.35.161.152:53044] PHP Warning:  Undefined array key "HTTP_HOST" in C:\\Users\\coold\\VSCODE\\SEM 3\\PHP\\htdocs\\index.php on line 7
[Mon Aug 25 11:55:38.817231 2025] [php:warn] [pid 8636:tid 1988] [client 10.35.161.241:63815] PHP Warning:  Undefined array key "HTTP_HOST" in C:\\Users\\coold\\VSCODE\\SEM 3\\PHP\\htdocs\\index.php on line 7
[Mon Aug 25 12:18:17.837372 2025] [php:error] [pid 8636:tid 1988] [client ::1:58594] PHP Fatal error:  Uncaught Error: Using $this when not in object context in C:\\Users\\coold\\VSCODE\\SEM 3\\PHP\\htdocs\\login.php:2\nStack trace:\n#0 {main}\n  thrown in C:\\Users\\coold\\VSCODE\\SEM 3\\PHP\\htdocs\\login.php on line 2, referer: http://localhost/login.html
[Mon Aug 25 12:20:56.777587 2025] [php:error] [pid 8636:tid 1988] [client ::1:51148] PHP Parse error:  syntax error, unexpected token "}", expecting "," or ";" in C:\\Users\\coold\\VSCODE\\SEM 3\\PHP\\htdocs\\login.php on line 7, referer: http://localhost/login.html
[Mon Aug 25 12:33:04.729338 2025] [php:warn] [pid 8636:tid 1988] [client ::1:52355] PHP Warning:  Undefined array key "title" in C:\\Users\\coold\\VSCODE\\SEM 3\\PHP\\htdocs\\bookStore.php on line 2
[Mon Aug 25 12:33:04.729338 2025] [php:warn] [pid 8636:tid 1988] [client ::1:52355] PHP Warning:  Undefined array key "author" in C:\\Users\\coold\\VSCODE\\SEM 3\\PHP\\htdocs\\bookStore.php on line 3
[Mon Aug 25 12:33:04.729338 2025] [php:warn] [pid 8636:tid 1988] [client ::1:52355] PHP Warning:  Undefined array key "quantity" in C:\\Users\\coold\\VSCODE\\SEM 3\\PHP\\htdocs\\bookStore.php on line 4
[Mon Aug 25 12:33:04.730573 2025] [php:warn] [pid 8636:tid 1988] [client ::1:52355] PHP Warning:  Undefined array key "price" in C:\\Users\\coold\\VSCODE\\SEM 3\\PHP\\htdocs\\bookStore.php on line 5
[Mon Aug 25 13:27:44.723611 2025] [php:warn] [pid 8636:tid 1956] [client 172.26.129.92:57379] PHP Warning:  Undefined array key "HTTP_HOST" in C:\\Users\\coold\\VSCODE\\SEM 3\\PHP\\htdocs\\index.php on line 7
